#
# A fatal error has been detected by the Java Runtime Environment:
#
#  EXCEPTION_ACCESS_VIOLATION (0xc0000005) at pc=0x00007ff97c47c4be, pid=10600, tid=612
#
# JRE version: OpenJDK Runtime Environment (11.0.10) (build 11.0.10+0-b96-7249189)
# Java VM: OpenJDK 64-Bit Server VM (11.0.10+0-b96-7249189, mixed mode, tiered, compressed oops, g1 gc, windows-amd64)
# Problematic frame:
# C  [native-platform-file-events.dll+0x1c4be]
#
# No core dump will be written. Minidumps are not enabled by default on client versions of Windows
#
# If you would like to submit a bug report, please visit:
#   https://bugreport.java.com/bugreport/crash.jsp
# The crash happened outside the Java Virtual Machine in native code.
# See problematic frame for where to report the bug.
#

---------------  S U M M A R Y ------------

Command Line: --add-opens=java.base/java.util=ALL-UNNAMED --add-opens=java.base/java.lang=ALL-UNNAMED --add-opens=java.base/java.lang.invoke=ALL-UNNAMED --add-opens=java.base/java.util=ALL-UNNAMED --add-opens=java.prefs/java.util.prefs=ALL-UNNAMED --add-opens=java.prefs/java.util.prefs=ALL-UNNAMED --add-opens=java.base/java.nio.charset=ALL-UNNAMED --add-opens=java.base/java.net=ALL-UNNAMED --add-opens=java.base/java.util.concurrent.atomic=ALL-UNNAMED -Xmx2048m -Dfile.encoding=UTF-8 -Duser.country=IL -Duser.language=iw -Duser.variant org.gradle.launcher.daemon.bootstrap.GradleDaemon 7.0.2

Host: Intel(R) Core(TM) i5-6500 CPU @ 3.20GHz, 4 cores, 7G,  Windows 10 , 64 bit Build 19041 (10.0.19041.1202)
Time: Thu Nov 18 12:02:57 2021 שעון רגיל ירושלים elapsed time: 17.611047 seconds (0d 0h 0m 17s)

---------------  T H R E A D  ---------------

Current thread (0x00000283ea10e000):  JavaThread "File watcher server" daemon [_thread_in_native, id=612, stack(0x000000ffb4e00000,0x000000ffb4f00000)]

Stack: [0x000000ffb4e00000,0x000000ffb4f00000],  sp=0x000000ffb4efe440,  free space=1017k
Native frames: (J=compiled Java code, j=interpreted, Vv=VM code, C=native code)
C  [native-platform-file-events.dll+0x1c4be]

Java frames: (J=compiled Java code, j=interpreted, Vv=VM code)
j  net.rubygrapefruit.platform.internal.jni.AbstractFileEventFunctions$NativeFileWatcher.executeRunLoop0(Ljava/lang/Object;)V+0
j  net.rubygrapefruit.platform.internal.jni.AbstractFileEventFunctions$NativeFileWatcher.access$100(Lnet/rubygrapefruit/platform/internal/jni/AbstractFileEventFunctions$NativeFileWatcher;Ljava/lang/Object;)V+2
j  net.rubygrapefruit.platform.internal.jni.AbstractFileEventFunctions$NativeFileWatcher$1.run()V+26
v  ~StubRoutines::call_stub

siginfo: EXCEPTION_ACCESS_VIOLATION (0xc0000005), reading address 0xffffffffffffffff


Register to memory mapping:

RIP=0x00007ff97c47c4be native-platform-file-events.dll
RAX=0x2473636974736974 is an unknown value
RBX=0x0000000000000001 is an unknown value
RCX=0x2473636974736974 is an unknown value
RDX=0x000000ffb4efe498 is pointing into the stack for thread: 0x00000283ea10e000
RSP=0x000000ffb4efe440 is pointing into the stack for thread: 0x00000283ea10e000
RBP=0x000000ffb4efee38 is pointing into the stack for thread: 0x00000283ea10e000
RSI=0x0 is NULL
RDI=
[error occurred during error reporting (printing register info), id 0xc0000005, EXCEPTION_ACCESS_VIOLATION (0xc0000005) at pc=0x00007ff99d329dc7]

Registers:
RAX=0x2473636974736974, RBX=0x0000000000000001, RCX=0x2473636974736974, RDX=0x000000ffb4efe498
RSP=0x000000ffb4efe440, RBP=0x000000ffb4efee38, RSI=0x0000000000000000, RDI=0x00000000ffffffff
R8 =0x000000ffb4efe4a0, R9 =0x000000007ffe5000, R10=0x00000000546c6148, R11=0xfffffffffccc5a30
R12=0x0000000000000000, R13=0x00000283ecf63b60, R14=0x000000ffb4efee60, R15=0x00000283ea10e000
RIP=0x00007ff97c47c4be, EFLAGS=0x0000000000010202

Top of Stack: (sp=0x000000ffb4efe440)
0x000000ffb4efe440:   0000043d80f722c4 0000043d75640e54
0x000000ffb4efe450:   0000043d80f722c4 00007ff97c497be5
0x000000ffb4efe460:   000000ffb4efe518 000000ffb4efe498
0x000000ffb4efe470:   000000ff00000000 000000ffb4efe4a8
0x000000ffb4efe480:   000000ffb4ef0001 0000000adae3c059
0x000000ffb4efe490:   000000ffb4efe4a0 00000000000000c2
0x000000ffb4efe4a0:   0000043d75640e54 0000043d80f722c4
0x000000ffb4efe4b0:   000000ffb4efee60 00007ff97c497777
0x000000ffb4efe4c0:   000000ffb4efe518 000000ffb4efe510
0x000000ffb4efe4d0:   00000283e86263c0 00000283cbab0000
0x000000ffb4efe4e0:   0000000000000000 00007ff97c488bee
0x000000ffb4efe4f0:   0000043d80f722c4 00000000000000c2
0x000000ffb4efe500:   000000ffb45fc2d0 00007ff9f3c4f05b
0x000000ffb4efe510:   000019da23e197f7 00000000000000c2
0x000000ffb4efe520:   000000000070006f 00007ff97c47c6ec
0x000000ffb4efe530:   2473636974736974 000000ff00000003 

Instructions: (pc=0x00007ff97c47c4be)
0x00007ff97c47c3be:   8b 00 48 89 44 24 38 48 8b 44 24 38 48 89 44 24
0x00007ff97c47c3ce:   58 48 8b 84 24 b0 00 00 00 48 83 c0 08 48 89 44
0x00007ff97c47c3de:   24 40 48 8d 54 24 70 48 8b 4c 24 40 e8 26 50 fe
0x00007ff97c47c3ee:   ff 48 8b 00 48 89 44 24 48 48 8b 44 24 48 48 89
0x00007ff97c47c3fe:   44 24 60 4c 8b 4c 24 50 4c 8b 44 24 58 48 8b 54
0x00007ff97c47c40e:   24 60 48 8d 4c 24 78 e8 31 92 fe ff 48 8d 4c 24
0x00007ff97c47c41e:   78 e8 8b 6a fe ff 48 8b c8 ff 15 db ab 11 00 89
0x00007ff97c47c42e:   44 24 24 83 7c 24 24 ff 74 15 8b 44 24 24 83 e0
0x00007ff97c47c43e:   10 85 c0 74 0a c7 44 24 28 01 00 00 00 eb 08 c7
0x00007ff97c47c44e:   44 24 28 00 00 00 00 0f b6 44 24 28 88 44 24 20
0x00007ff97c47c45e:   48 8d 4c 24 78 e8 1f 97 fe ff 0f b6 44 24 20 48
0x00007ff97c47c46e:   8b 8c 24 98 00 00 00 48 33 cc e8 8f 76 fe ff 48
0x00007ff97c47c47e:   81 c4 a8 00 00 00 c3 cc cc cc cc cc cc cc cc cc
0x00007ff97c47c48e:   cc cc 48 89 4c 24 08 48 81 ec e8 00 00 00 48 8b
0x00007ff97c47c49e:   05 a5 7d 10 00 48 33 c4 48 89 84 24 d0 00 00 00
0x00007ff97c47c4ae:   c7 44 24 30 00 00 00 00 48 8b 84 24 f0 00 00 00
0x00007ff97c47c4be:   83 78 68 03 0f 84 02 01 00 00 48 8b 84 24 f0 00
0x00007ff97c47c4ce:   00 00 48 8b 48 28 ff 15 36 ab 11 00 89 44 24 38
0x00007ff97c47c4de:   83 7c 24 38 00 0f 85 d0 00 00 00 ba 07 00 00 00
0x00007ff97c47c4ee:   48 8b 0d 1b b0 10 00 e8 48 a4 fe ff 88 44 24 34
0x00007ff97c47c4fe:   0f b6 44 24 34 85 c0 0f 84 90 00 00 00 ff 15 07
0x00007ff97c47c50e:   ab 11 00 89 44 24 3c 48 8b 84 24 f0 00 00 00 48
0x00007ff97c47c51e:   83 c0 08 48 8b d0 48 8d 8c 24 90 00 00 00 e8 05
0x00007ff97c47c52e:   51 fe ff 48 89 44 24 40 48 8b 44 24 40 48 89 44
0x00007ff97c47c53e:   24 48 8b 44 24 30 83 c8 01 89 44 24 30 48 8b 4c
0x00007ff97c47c54e:   24 48 e8 d5 52 fe ff 48 89 44 24 50 48 8b 84 24
0x00007ff97c47c55e:   f0 00 00 00 48 8b 40 28 48 89 44 24 58 8b 44 24
0x00007ff97c47c56e:   3c 89 44 24 28 48 8b 44 24 50 48 89 44 24 20 4c
0x00007ff97c47c57e:   8b 4c 24 58 4c 8d 05 77 af 0d 00 ba 07 00 00 00
0x00007ff97c47c58e:   48 8b 0d 7b af 10 00 e8 f8 71 fe ff 90 8b 44 24
0x00007ff97c47c59e:   30 83 e0 01 85 c0 74 13 83 64 24 30 fe 48 8d 8c
0x00007ff97c47c5ae:   24 90 00 00 00 e8 e7 5a fe ff 90 eb 00 48 8b 84 


Stack slot to memory mapping:
stack at sp + 0 slots: 0x0000043d80f722c4 is an unknown value
stack at sp + 1 slots: 0x0000043d75640e54 is an unknown value
stack at sp + 2 slots: 0x0000043d80f722c4 is an unknown value
stack at sp + 3 slots: 0x00007ff97c497be5 native-platform-file-events.dll
stack at sp + 4 slots: 0x000000ffb4efe518 is pointing into the stack for thread: 0x00000283ea10e000
stack at sp + 5 slots: 0x000000ffb4efe498 is pointing into the stack for thread: 0x00000283ea10e000
stack at sp + 6 slots: 0x000000ff00000000 is an unknown value
stack at sp + 7 slots: 0x000000ffb4efe4a8 is pointing into the stack for thread: 0x00000283ea10e000


---------------  P R O C E S S  ---------------

Threads class SMR info:
_java_thread_list=0x00000283eed7bb30, length=39, elements={
0x00000283cd51c800, 0x00000283e781e000, 0x00000283e7821800, 0x00000283e783e800,
0x00000283e7840800, 0x00000283e7841800, 0x00000283e784a800, 0x00000283e784f000,
0x00000283e7854800, 0x00000283e831d800, 0x00000283e9bb3800, 0x00000283e978c000,
0x00000283ea0b6000, 0x00000283ea70e800, 0x00000283e9717800, 0x00000283e9f88800,
0x00000283e9f89000, 0x00000283e978a800, 0x00000283e9859800, 0x00000283ea10a800,
0x00000283ea10a000, 0x00000283ea109000, 0x00000283ea10d000, 0x00000283ea10e000,
0x00000283ea10c800, 0x00000283ebee3000, 0x00000283ebee6800, 0x00000283ebee5800,
0x00000283ebee4000, 0x00000283ebee2800, 0x00000283ebee9000, 0x00000283ebeea800,
0x00000283ebee5000, 0x00000283ebeec000, 0x00000283ebeef800, 0x00000283ebeed000,
0x00000283ebeee800, 0x00000283ebeed800, 0x00000283f2635800
}

Java Threads: ( => current thread )
  0x00000283cd51c800 JavaThread "main" [_thread_blocked, id=10900, stack(0x000000ffb2b00000,0x000000ffb2c00000)]
  0x00000283e781e000 JavaThread "Reference Handler" daemon [_thread_blocked, id=7320, stack(0x000000ffb3200000,0x000000ffb3300000)]
  0x00000283e7821800 JavaThread "Finalizer" daemon [_thread_blocked, id=8476, stack(0x000000ffb3300000,0x000000ffb3400000)]
  0x00000283e783e800 JavaThread "Signal Dispatcher" daemon [_thread_blocked, id=9900, stack(0x000000ffb3400000,0x000000ffb3500000)]
  0x00000283e7840800 JavaThread "Attach Listener" daemon [_thread_blocked, id=1324, stack(0x000000ffb3500000,0x000000ffb3600000)]
  0x00000283e7841800 JavaThread "Service Thread" daemon [_thread_blocked, id=5192, stack(0x000000ffb3600000,0x000000ffb3700000)]
  0x00000283e784a800 JavaThread "C2 CompilerThread0" daemon [_thread_in_native, id=6628, stack(0x000000ffb3700000,0x000000ffb3800000)]
  0x00000283e784f000 JavaThread "C1 CompilerThread0" daemon [_thread_blocked, id=7400, stack(0x000000ffb3800000,0x000000ffb3900000)]
  0x00000283e7854800 JavaThread "Sweeper thread" daemon [_thread_blocked, id=5484, stack(0x000000ffb3900000,0x000000ffb3a00000)]
  0x00000283e831d800 JavaThread "Common-Cleaner" daemon [_thread_blocked, id=6624, stack(0x000000ffb3a00000,0x000000ffb3b00000)]
  0x00000283e9bb3800 JavaThread "Daemon health stats" [_thread_blocked, id=7012, stack(0x000000ffb3f00000,0x000000ffb4000000)]
  0x00000283e978c000 JavaThread "Incoming local TCP Connector on port 54104" [_thread_in_native, id=9928, stack(0x000000ffb4000000,0x000000ffb4100000)]
  0x00000283ea0b6000 JavaThread "Daemon periodic checks" [_thread_blocked, id=10504, stack(0x000000ffb4100000,0x000000ffb4200000)]
  0x00000283ea70e800 JavaThread "Daemon" [_thread_blocked, id=5996, stack(0x000000ffb4200000,0x000000ffb4300000)]
  0x00000283e9717800 JavaThread "Handler for socket connection from /127.0.0.1:54104 to /127.0.0.1:54105" [_thread_in_native, id=9432, stack(0x000000ffb4300000,0x000000ffb4400000)]
  0x00000283e9f88800 JavaThread "Cancel handler" [_thread_blocked, id=4740, stack(0x000000ffb4400000,0x000000ffb4500000)]
  0x00000283e9f89000 JavaThread "Daemon worker" [_thread_in_native, id=1504, stack(0x000000ffb4500000,0x000000ffb4600000)]
  0x00000283e978a800 JavaThread "Asynchronous log dispatcher for DefaultDaemonConnection: socket connection from /127.0.0.1:54104 to /127.0.0.1:54105" [_thread_blocked, id=7020, stack(0x000000ffb4600000,0x000000ffb4700000)]
  0x00000283e9859800 JavaThread "Stdin handler" [_thread_blocked, id=10512, stack(0x000000ffb4700000,0x000000ffb4800000)]
  0x00000283ea10a800 JavaThread "Daemon client event forwarder" [_thread_blocked, id=1796, stack(0x000000ffb4800000,0x000000ffb4900000)]
  0x00000283ea10a000 JavaThread "Cache worker for file hash cache (C:\Users\lab\.gradle\caches\7.0.2\fileHashes)" [_thread_blocked, id=10228, stack(0x000000ffb4900000,0x000000ffb4a00000)]
  0x00000283ea109000 JavaThread "File lock request listener" [_thread_in_native, id=1988, stack(0x000000ffb4a00000,0x000000ffb4b00000)]
  0x00000283ea10d000 JavaThread "Cache worker for journal cache (C:\Users\lab\.gradle\caches\journal-1)" [_thread_blocked, id=11232, stack(0x000000ffb4c00000,0x000000ffb4d00000)]
=>0x00000283ea10e000 JavaThread "File watcher server" daemon [_thread_in_native, id=612, stack(0x000000ffb4e00000,0x000000ffb4f00000)]
  0x00000283ea10c800 JavaThread "File watcher consumer" daemon [_thread_blocked, id=9008, stack(0x000000ffb4f00000,0x000000ffb5000000)]
  0x00000283ebee3000 JavaThread "Cache worker for execution history cache (C:\Users\lab\.gradle\caches\7.0.2\executionHistory)" [_thread_blocked, id=3808, stack(0x000000ffb5300000,0x000000ffb5400000)]
  0x00000283ebee6800 JavaThread "jar transforms" [_thread_blocked, id=7984, stack(0x000000ffb5400000,0x000000ffb5500000)]
  0x00000283ebee5800 JavaThread "jar transforms Thread 2" [_thread_blocked, id=6792, stack(0x000000ffb5500000,0x000000ffb5600000)]
  0x00000283ebee4000 JavaThread "Cache worker for file content cache (C:\Users\lab\.gradle\caches\7.0.2\fileContent)" [_thread_blocked, id=9112, stack(0x000000ffb5600000,0x000000ffb5700000)]
  0x00000283ebee2800 JavaThread "Cache worker for dependencies-accessors (R:\ComputerScience\SharedWorkspace\AndroidStudioProjects\Test\.gradle\7.0.2\dependencies-accessors)" [_thread_blocked, id=6200, stack(0x000000ffb5700000,0x000000ffb5800000)]
  0x00000283ebee9000 JavaThread "jar transforms Thread 3" [_thread_blocked, id=5632, stack(0x000000ffb5800000,0x000000ffb5900000)]
  0x00000283ebeea800 JavaThread "Build operations" [_thread_blocked, id=5668, stack(0x000000ffb5a00000,0x000000ffb5b00000)]
  0x00000283ebee5000 JavaThread "Build operations Thread 2" [_thread_blocked, id=3756, stack(0x000000ffb5b00000,0x000000ffb5c00000)]
  0x00000283ebeec000 JavaThread "Build operations Thread 3" [_thread_blocked, id=10628, stack(0x000000ffb5c00000,0x000000ffb5d00000)]
  0x00000283ebeef800 JavaThread "Build operations Thread 4" [_thread_blocked, id=6840, stack(0x000000ffb5d00000,0x000000ffb5e00000)]
  0x00000283ebeed000 JavaThread "jar transforms Thread 4" [_thread_blocked, id=9508, stack(0x000000ffb5e00000,0x000000ffb5f00000)]
  0x00000283ebeee800 JavaThread "Memory manager" [_thread_blocked, id=8488, stack(0x000000ffb5f00000,0x000000ffb6000000)]
  0x00000283ebeed800 JavaThread "pool-3-thread-1" [_thread_blocked, id=8828, stack(0x000000ffb6100000,0x000000ffb6200000)]
  0x00000283f2635800 JavaThread "C2 CompilerThread1" daemon [_thread_blocked, id=4792, stack(0x000000ffb3c00000,0x000000ffb3d00000)]

Other Threads:
  0x00000283e7819000 VMThread "VM Thread" [stack: 0x000000ffb3100000,0x000000ffb3200000] [id=10256]
  0x00000283e8350800 WatcherThread [stack: 0x000000ffb3b00000,0x000000ffb3c00000] [id=3860]
  0x00000283cd536000 GCTaskThread "GC Thread#0" [stack: 0x000000ffb2c00000,0x000000ffb2d00000] [id=11112]
  0x00000283e8c96800 GCTaskThread "GC Thread#1" [stack: 0x000000ffb3d00000,0x000000ffb3e00000] [id=5716]
  0x00000283e8785800 GCTaskThread "GC Thread#2" [stack: 0x000000ffb3e00000,0x000000ffb3f00000] [id=4996]
  0x00000283e8612000 GCTaskThread "GC Thread#3" [stack: 0x000000ffb4b00000,0x000000ffb4c00000] [id=448]
  0x00000283cd565800 ConcurrentGCThread "G1 Main Marker" [stack: 0x000000ffb2d00000,0x000000ffb2e00000] [id=1060]
  0x00000283cd567000 ConcurrentGCThread "G1 Conc#0" [stack: 0x000000ffb2e00000,0x000000ffb2f00000] [id=8756]
  0x00000283cd5f8800 ConcurrentGCThread "G1 Refine#0" [stack: 0x000000ffb2f00000,0x000000ffb3000000] [id=336]
  0x00000283cd5f9800 ConcurrentGCThread "G1 Young RemSet Sampling" [stack: 0x000000ffb3000000,0x000000ffb3100000] [id=5308]

Threads with active compile tasks:
C2 CompilerThread0  17724 9898   !   4       java.io.ObjectOutputStream::writeObject0 (619 bytes)

VM state:not at safepoint (normal execution)

VM Mutex/Monitor currently owned by a thread: None

Heap address: 0x0000000080000000, size: 2048 MB, Compressed Oops mode: 32-bit
Narrow klass base: 0x0000000000000000, Narrow klass shift: 3
Compressed class space size: 1073741824 Address: 0x0000000100000000

Heap:
 garbage-first heap   total 189440K, used 96577K [0x0000000080000000, 0x0000000100000000)
  region size 1024K, 37 young (37888K), 9 survivors (9216K)
 Metaspace       used 86083K, capacity 88173K, committed 88396K, reserved 1126400K
  class space    used 10882K, capacity 11640K, committed 11648K, reserved 1048576K
Heap Regions: E=young(eden), S=young(survivor), O=old, HS=humongous(starts), HC=humongous(continues), CS=collection set, F=free, A=archive, TAMS=top-at-mark-start (previous, next)
|   0|0x0000000080000000, 0x0000000080100000, 0x0000000080100000|100%| O|  |TAMS 0x0000000080100000, 0x0000000080000000| Untracked 
|   1|0x0000000080100000, 0x0000000080200000, 0x0000000080200000|100%| O|  |TAMS 0x0000000080200000, 0x0000000080100000| Untracked 
|   2|0x0000000080200000, 0x0000000080300000, 0x0000000080300000|100%| O|  |TAMS 0x0000000080300000, 0x0000000080200000| Untracked 
|   3|0x0000000080300000, 0x0000000080400000, 0x0000000080400000|100%|HS|  |TAMS 0x0000000080400000, 0x0000000080300000| Complete 
|   4|0x0000000080400000, 0x0000000080500000, 0x0000000080500000|100%|HC|  |TAMS 0x0000000080500000, 0x0000000080400000| Complete 
|   5|0x0000000080500000, 0x0000000080600000, 0x0000000080600000|100%|HC|  |TAMS 0x0000000080600000, 0x0000000080500000| Complete 
|   6|0x0000000080600000, 0x0000000080700000, 0x0000000080700000|100%| O|  |TAMS 0x0000000080700000, 0x0000000080600000| Untracked 
|   7|0x0000000080700000, 0x0000000080800000, 0x0000000080800000|100%| O|  |TAMS 0x0000000080800000, 0x0000000080700000| Untracked 
|   8|0x0000000080800000, 0x0000000080900000, 0x0000000080900000|100%| O|  |TAMS 0x0000000080900000, 0x0000000080800000| Untracked 
|   9|0x0000000080900000, 0x0000000080a00000, 0x0000000080a00000|100%| O|  |TAMS 0x0000000080a00000, 0x0000000080900000| Untracked 
|  10|0x0000000080a00000, 0x0000000080b00000, 0x0000000080b00000|100%| O|  |TAMS 0x0000000080b00000, 0x0000000080a00000| Untracked 
|  11|0x0000000080b00000, 0x0000000080c00000, 0x0000000080c00000|100%| O|  |TAMS 0x0000000080c00000, 0x0000000080b00000| Untracked 
|  12|0x0000000080c00000, 0x0000000080d00000, 0x0000000080d00000|100%| O|  |TAMS 0x0000000080d00000, 0x0000000080c00000| Untracked 
|  13|0x0000000080d00000, 0x0000000080e00000, 0x0000000080e00000|100%| O|  |TAMS 0x0000000080e00000, 0x0000000080d00000| Untracked 
|  14|0x0000000080e00000, 0x0000000080f00000, 0x0000000080f00000|100%| O|  |TAMS 0x0000000080f00000, 0x0000000080e00000| Untracked 
|  15|0x0000000080f00000, 0x0000000081000000, 0x0000000081000000|100%| O|  |TAMS 0x0000000081000000, 0x0000000080f00000| Untracked 
|  16|0x0000000081000000, 0x0000000081100000, 0x0000000081100000|100%|HS|  |TAMS 0x0000000081100000, 0x0000000081000000| Complete 
|  17|0x0000000081100000, 0x0000000081200000, 0x0000000081200000|100%| O|  |TAMS 0x0000000081200000, 0x0000000081100000| Untracked 
|  18|0x0000000081200000, 0x0000000081300000, 0x0000000081300000|100%| O|  |TAMS 0x0000000081300000, 0x0000000081200000| Untracked 
|  19|0x0000000081300000, 0x0000000081400000, 0x0000000081400000|100%| O|  |TAMS 0x0000000081400000, 0x0000000081300000| Untracked 
|  20|0x0000000081400000, 0x0000000081500000, 0x0000000081500000|100%| O|  |TAMS 0x0000000081500000, 0x0000000081400000| Untracked 
|  21|0x0000000081500000, 0x0000000081600000, 0x0000000081600000|100%| O|  |TAMS 0x0000000081600000, 0x0000000081500000| Untracked 
|  22|0x0000000081600000, 0x0000000081700000, 0x0000000081700000|100%|HS|  |TAMS 0x0000000081700000, 0x0000000081600000| Complete 
|  23|0x0000000081700000, 0x0000000081800000, 0x0000000081800000|100%|HS|  |TAMS 0x0000000081800000, 0x0000000081700000| Complete 
|  24|0x0000000081800000, 0x0000000081900000, 0x0000000081900000|100%|HC|  |TAMS 0x0000000081900000, 0x0000000081800000| Complete 
|  25|0x0000000081900000, 0x0000000081a00000, 0x0000000081a00000|100%| O|  |TAMS 0x0000000081a00000, 0x0000000081900000| Untracked 
|  26|0x0000000081a00000, 0x0000000081b00000, 0x0000000081b00000|100%| O|  |TAMS 0x0000000081b00000, 0x0000000081a00000| Untracked 
|  27|0x0000000081b00000, 0x0000000081c00000, 0x0000000081c00000|100%| O|  |TAMS 0x0000000081c00000, 0x0000000081b00000| Untracked 
|  28|0x0000000081c00000, 0x0000000081d00000, 0x0000000081d00000|100%| O|  |TAMS 0x0000000081d00000, 0x0000000081c00000| Untracked 
|  29|0x0000000081d00000, 0x0000000081e00000, 0x0000000081e00000|100%| O|  |TAMS 0x0000000081e00000, 0x0000000081d00000| Untracked 
|  30|0x0000000081e00000, 0x0000000081f00000, 0x0000000081f00000|100%| O|  |TAMS 0x0000000081f00000, 0x0000000081e00000| Untracked 
|  31|0x0000000081f00000, 0x0000000082000000, 0x0000000082000000|100%| O|  |TAMS 0x0000000082000000, 0x0000000081f00000| Untracked 
|  32|0x0000000082000000, 0x0000000082100000, 0x0000000082100000|100%| O|  |TAMS 0x0000000082100000, 0x0000000082000000| Untracked 
|  33|0x0000000082100000, 0x0000000082200000, 0x0000000082200000|100%| O|  |TAMS 0x0000000082200000, 0x0000000082100000| Untracked 
|  34|0x0000000082200000, 0x0000000082300000, 0x0000000082300000|100%| O|  |TAMS 0x0000000082300000, 0x0000000082200000| Untracked 
|  35|0x0000000082300000, 0x0000000082400000, 0x0000000082400000|100%| O|  |TAMS 0x0000000082400000, 0x0000000082300000| Untracked 
|  36|0x0000000082400000, 0x0000000082500000, 0x0000000082500000|100%| O|  |TAMS 0x0000000082500000, 0x0000000082400000| Untracked 
|  37|0x0000000082500000, 0x0000000082600000, 0x0000000082600000|100%| O|  |TAMS 0x0000000082600000, 0x0000000082500000| Untracked 
|  38|0x0000000082600000, 0x0000000082700000, 0x0000000082700000|100%| O|  |TAMS 0x0000000082700000, 0x0000000082600000| Untracked 
|  39|0x0000000082700000, 0x0000000082800000, 0x0000000082800000|100%| O|  |TAMS 0x0000000082800000, 0x0000000082700000| Untracked 
|  40|0x0000000082800000, 0x0000000082900000, 0x0000000082900000|100%| O|  |TAMS 0x0000000082900000, 0x0000000082800000| Untracked 
|  41|0x0000000082900000, 0x0000000082a00000, 0x0000000082a00000|100%| O|  |TAMS 0x0000000082997a00, 0x0000000082900000| Untracked 
|  42|0x0000000082a00000, 0x0000000082b00000, 0x0000000082b00000|100%| O|  |TAMS 0x0000000082a00000, 0x0000000082a00000| Untracked 
|  43|0x0000000082b00000, 0x0000000082c00000, 0x0000000082c00000|100%| O|  |TAMS 0x0000000082b00000, 0x0000000082b00000| Untracked 
|  44|0x0000000082c00000, 0x0000000082d00000, 0x0000000082d00000|100%| O|  |TAMS 0x0000000082c00000, 0x0000000082c00000| Untracked 
|  45|0x0000000082d00000, 0x0000000082e00000, 0x0000000082e00000|100%| O|  |TAMS 0x0000000082d00000, 0x0000000082d00000| Untracked 
|  46|0x0000000082e00000, 0x0000000082f00000, 0x0000000082f00000|100%| O|  |TAMS 0x0000000082e00000, 0x0000000082e00000| Untracked 
|  47|0x0000000082f00000, 0x0000000083000000, 0x0000000083000000|100%| O|  |TAMS 0x0000000082f00000, 0x0000000082f00000| Untracked 
|  48|0x0000000083000000, 0x0000000083100000, 0x0000000083100000|100%| O|  |TAMS 0x0000000083000000, 0x0000000083000000| Untracked 
|  49|0x0000000083100000, 0x0000000083200000, 0x0000000083200000|100%| O|  |TAMS 0x0000000083100000, 0x0000000083100000| Untracked 
|  50|0x0000000083200000, 0x0000000083300000, 0x0000000083300000|100%| O|  |TAMS 0x0000000083200000, 0x0000000083200000| Untracked 
|  51|0x0000000083300000, 0x0000000083400000, 0x0000000083400000|100%| O|  |TAMS 0x0000000083300000, 0x0000000083300000| Untracked 
|  52|0x0000000083400000, 0x0000000083500000, 0x0000000083500000|100%| O|  |TAMS 0x0000000083400000, 0x0000000083400000| Untracked 
|  53|0x0000000083500000, 0x0000000083600000, 0x0000000083600000|100%| O|  |TAMS 0x0000000083500000, 0x0000000083500000| Untracked 
|  54|0x0000000083600000, 0x0000000083700000, 0x0000000083700000|100%| O|  |TAMS 0x0000000083600000, 0x0000000083600000| Untracked 
|  55|0x0000000083700000, 0x0000000083800000, 0x0000000083800000|100%| O|  |TAMS 0x0000000083700000, 0x0000000083700000| Untracked 
|  56|0x0000000083800000, 0x0000000083900000, 0x0000000083900000|100%| O|  |TAMS 0x0000000083800000, 0x0000000083800000| Untracked 
|  57|0x0000000083900000, 0x0000000083a00000, 0x0000000083a00000|100%| O|  |TAMS 0x0000000083900000, 0x0000000083900000| Untracked 
|  58|0x0000000083a00000, 0x0000000083b00000, 0x0000000083b00000|100%| O|  |TAMS 0x0000000083a00000, 0x0000000083a00000| Untracked 
|  59|0x0000000083b00000, 0x0000000083b67c00, 0x0000000083c00000| 40%| O|  |TAMS 0x0000000083b00000, 0x0000000083b00000| Untracked 
|  60|0x0000000083c00000, 0x0000000083c00000, 0x0000000083d00000|  0%| F|  |TAMS 0x0000000083c00000, 0x0000000083c00000| Untracked 
|  61|0x0000000083d00000, 0x0000000083d00000, 0x0000000083e00000|  0%| F|  |TAMS 0x0000000083d00000, 0x0000000083d00000| Untracked 
|  62|0x0000000083e00000, 0x0000000083e00000, 0x0000000083f00000|  0%| F|  |TAMS 0x0000000083e00000, 0x0000000083e00000| Untracked 
|  63|0x0000000083f00000, 0x0000000083f00000, 0x0000000084000000|  0%| F|  |TAMS 0x0000000083f00000, 0x0000000083f00000| Untracked 
|  64|0x0000000084000000, 0x0000000084000000, 0x0000000084100000|  0%| F|  |TAMS 0x0000000084000000, 0x0000000084000000| Untracked 
|  65|0x0000000084100000, 0x0000000084100000, 0x0000000084200000|  0%| F|  |TAMS 0x0000000084100000, 0x0000000084100000| Untracked 
|  66|0x0000000084200000, 0x0000000084200000, 0x0000000084300000|  0%| F|  |TAMS 0x0000000084200000, 0x0000000084200000| Untracked 
|  67|0x0000000084300000, 0x0000000084300000, 0x0000000084400000|  0%| F|  |TAMS 0x0000000084300000, 0x0000000084300000| Untracked 
|  68|0x0000000084400000, 0x0000000084400000, 0x0000000084500000|  0%| F|  |TAMS 0x0000000084400000, 0x0000000084400000| Untracked 
|  69|0x0000000084500000, 0x0000000084500000, 0x0000000084600000|  0%| F|  |TAMS 0x0000000084500000, 0x0000000084500000| Untracked 
|  70|0x0000000084600000, 0x0000000084600000, 0x0000000084700000|  0%| F|  |TAMS 0x0000000084600000, 0x0000000084600000| Untracked 
|  71|0x0000000084700000, 0x0000000084700000, 0x0000000084800000|  0%| F|  |TAMS 0x0000000084700000, 0x0000000084700000| Untracked 
|  72|0x0000000084800000, 0x0000000084800000, 0x0000000084900000|  0%| F|  |TAMS 0x0000000084800000, 0x0000000084800000| Untracked 
|  73|0x0000000084900000, 0x0000000084900000, 0x0000000084a00000|  0%| F|  |TAMS 0x0000000084900000, 0x0000000084900000| Untracked 
|  74|0x0000000084a00000, 0x0000000084a00000, 0x0000000084b00000|  0%| F|  |TAMS 0x0000000084a00000, 0x0000000084a00000| Untracked 
|  75|0x0000000084b00000, 0x0000000084b00000, 0x0000000084c00000|  0%| F|  |TAMS 0x0000000084b00000, 0x0000000084b00000| Untracked 
|  76|0x0000000084c00000, 0x0000000084c00000, 0x0000000084d00000|  0%| F|  |TAMS 0x0000000084c00000, 0x0000000084c00000| Untracked 
|  77|0x0000000084d00000, 0x0000000084d00000, 0x0000000084e00000|  0%| F|  |TAMS 0x0000000084d00000, 0x0000000084d00000| Untracked 
|  78|0x0000000084e00000, 0x0000000084e00000, 0x0000000084f00000|  0%| F|  |TAMS 0x0000000084e00000, 0x0000000084e00000| Untracked 
|  79|0x0000000084f00000, 0x0000000084f00000, 0x0000000085000000|  0%| F|  |TAMS 0x0000000084f00000, 0x0000000084f00000| Untracked 
|  80|0x0000000085000000, 0x0000000085000000, 0x0000000085100000|  0%| F|  |TAMS 0x0000000085000000, 0x0000000085000000| Untracked 
|  81|0x0000000085100000, 0x0000000085100000, 0x0000000085200000|  0%| F|  |TAMS 0x0000000085100000, 0x0000000085100000| Untracked 
|  82|0x0000000085200000, 0x0000000085200000, 0x0000000085300000|  0%| F|  |TAMS 0x0000000085200000, 0x0000000085200000| Untracked 
|  83|0x0000000085300000, 0x0000000085300000, 0x0000000085400000|  0%| F|  |TAMS 0x0000000085300000, 0x0000000085300000| Untracked 
|  84|0x0000000085400000, 0x0000000085400000, 0x0000000085500000|  0%| F|  |TAMS 0x0000000085400000, 0x0000000085400000| Untracked 
|  85|0x0000000085500000, 0x0000000085500000, 0x0000000085600000|  0%| F|  |TAMS 0x0000000085500000, 0x0000000085500000| Untracked 
|  86|0x0000000085600000, 0x0000000085600000, 0x0000000085700000|  0%| F|  |TAMS 0x0000000085600000, 0x0000000085600000| Untracked 
|  87|0x0000000085700000, 0x0000000085700000, 0x0000000085800000|  0%| F|  |TAMS 0x0000000085700000, 0x0000000085700000| Untracked 
|  88|0x0000000085800000, 0x0000000085800000, 0x0000000085900000|  0%| F|  |TAMS 0x0000000085800000, 0x0000000085800000| Untracked 
|  89|0x0000000085900000, 0x0000000085900000, 0x0000000085a00000|  0%| F|  |TAMS 0x0000000085900000, 0x0000000085900000| Untracked 
|  90|0x0000000085a00000, 0x0000000085a00000, 0x0000000085b00000|  0%| F|  |TAMS 0x0000000085a00000, 0x0000000085a00000| Untracked 
|  91|0x0000000085b00000, 0x0000000085b00000, 0x0000000085c00000|  0%| F|  |TAMS 0x0000000085b00000, 0x0000000085b00000| Untracked 
|  92|0x0000000085c00000, 0x0000000085c00000, 0x0000000085d00000|  0%| F|  |TAMS 0x0000000085c00000, 0x0000000085c00000| Untracked 
|  93|0x0000000085d00000, 0x0000000085d00000, 0x0000000085e00000|  0%| F|  |TAMS 0x0000000085d00000, 0x0000000085d00000| Untracked 
|  94|0x0000000085e00000, 0x0000000085e00000, 0x0000000085f00000|  0%| F|  |TAMS 0x0000000085e00000, 0x0000000085e00000| Untracked 
|  95|0x0000000085f00000, 0x0000000085f00000, 0x0000000086000000|  0%| F|  |TAMS 0x0000000085f00000, 0x0000000085f00000| Untracked 
|  96|0x0000000086000000, 0x0000000086000000, 0x0000000086100000|  0%| F|  |TAMS 0x0000000086000000, 0x0000000086000000| Untracked 
|  97|0x0000000086100000, 0x0000000086100000, 0x0000000086200000|  0%| F|  |TAMS 0x0000000086100000, 0x0000000086100000| Untracked 
|  98|0x0000000086200000, 0x00000000862e8830, 0x0000000086300000| 90%| S|CS|TAMS 0x0000000086200000, 0x0000000086200000| Complete 
|  99|0x0000000086300000, 0x0000000086400000, 0x0000000086400000|100%| S|CS|TAMS 0x0000000086300000, 0x0000000086300000| Complete 
| 100|0x0000000086400000, 0x0000000086500000, 0x0000000086500000|100%| S|CS|TAMS 0x0000000086400000, 0x0000000086400000| Complete 
| 101|0x0000000086500000, 0x0000000086600000, 0x0000000086600000|100%| S|CS|TAMS 0x0000000086500000, 0x0000000086500000| Complete 
| 102|0x0000000086600000, 0x0000000086700000, 0x0000000086700000|100%| S|CS|TAMS 0x0000000086600000, 0x0000000086600000| Complete 
| 103|0x0000000086700000, 0x0000000086800000, 0x0000000086800000|100%| S|CS|TAMS 0x0000000086700000, 0x0000000086700000| Complete 
| 104|0x0000000086800000, 0x0000000086900000, 0x0000000086900000|100%| S|CS|TAMS 0x0000000086800000, 0x0000000086800000| Complete 
| 105|0x0000000086900000, 0x0000000086900000, 0x0000000086a00000|  0%| F|  |TAMS 0x0000000086900000, 0x0000000086900000| Untracked 
| 106|0x0000000086a00000, 0x0000000086a00000, 0x0000000086b00000|  0%| F|  |TAMS 0x0000000086a00000, 0x0000000086a00000| Untracked 
| 107|0x0000000086b00000, 0x0000000086b00000, 0x0000000086c00000|  0%| F|  |TAMS 0x0000000086b00000, 0x0000000086b00000| Untracked 
| 108|0x0000000086c00000, 0x0000000086c00000, 0x0000000086d00000|  0%| F|  |TAMS 0x0000000086c00000, 0x0000000086c00000| Untracked 
| 109|0x0000000086d00000, 0x0000000086d00000, 0x0000000086e00000|  0%| F|  |TAMS 0x0000000086d00000, 0x0000000086d00000| Untracked 
| 110|0x0000000086e00000, 0x0000000086e00000, 0x0000000086f00000|  0%| F|  |TAMS 0x0000000086e00000, 0x0000000086e00000| Untracked 
| 111|0x0000000086f00000, 0x0000000087000000, 0x0000000087000000|100%| S|CS|TAMS 0x0000000086f00000, 0x0000000086f00000| Complete 
| 112|0x0000000087000000, 0x0000000087100000, 0x0000000087100000|100%| S|CS|TAMS 0x0000000087000000, 0x0000000087000000| Complete 
| 113|0x0000000087100000, 0x0000000087100000, 0x0000000087200000|  0%| F|  |TAMS 0x0000000087100000, 0x0000000087100000| Untracked 
| 114|0x0000000087200000, 0x0000000087200000, 0x0000000087300000|  0%| F|  |TAMS 0x0000000087200000, 0x0000000087200000| Untracked 
| 115|0x0000000087300000, 0x0000000087300000, 0x0000000087400000|  0%| F|  |TAMS 0x0000000087300000, 0x0000000087300000| Untracked 
| 116|0x0000000087400000, 0x0000000087400000, 0x0000000087500000|  0%| F|  |TAMS 0x0000000087400000, 0x0000000087400000| Untracked 
| 117|0x0000000087500000, 0x0000000087500000, 0x0000000087600000|  0%| F|  |TAMS 0x0000000087500000, 0x0000000087500000| Untracked 
| 118|0x0000000087600000, 0x0000000087600000, 0x0000000087700000|  0%| F|  |TAMS 0x0000000087600000, 0x0000000087600000| Untracked 
| 119|0x0000000087700000, 0x0000000087700000, 0x0000000087800000|  0%| F|  |TAMS 0x0000000087700000, 0x0000000087700000| Untracked 
| 120|0x0000000087800000, 0x0000000087800000, 0x0000000087900000|  0%| F|  |TAMS 0x0000000087800000, 0x0000000087800000| Untracked 
| 121|0x0000000087900000, 0x0000000087900000, 0x0000000087a00000|  0%| F|  |TAMS 0x0000000087900000, 0x0000000087900000| Untracked 
| 122|0x0000000087a00000, 0x0000000087a00000, 0x0000000087b00000|  0%| F|  |TAMS 0x0000000087a00000, 0x0000000087a00000| Untracked 
| 123|0x0000000087b00000, 0x0000000087b00000, 0x0000000087c00000|  0%| F|  |TAMS 0x0000000087b00000, 0x0000000087b00000| Untracked 
| 124|0x0000000087c00000, 0x0000000087c00000, 0x0000000087d00000|  0%| F|  |TAMS 0x0000000087c00000, 0x0000000087c00000| Untracked 
| 125|0x0000000087d00000, 0x0000000087d00000, 0x0000000087e00000|  0%| F|  |TAMS 0x0000000087d00000, 0x0000000087d00000| Untracked 
| 126|0x0000000087e00000, 0x0000000087e00000, 0x0000000087f00000|  0%| F|  |TAMS 0x0000000087e00000, 0x0000000087e00000| Untracked 
| 127|0x0000000087f00000, 0x0000000087f00000, 0x0000000088000000|  0%| F|  |TAMS 0x0000000087f00000, 0x0000000087f00000| Untracked 
| 128|0x0000000088000000, 0x0000000088000000, 0x0000000088100000|  0%| F|  |TAMS 0x0000000088000000, 0x0000000088000000| Untracked 
| 129|0x0000000088100000, 0x0000000088100000, 0x0000000088200000|  0%| F|  |TAMS 0x0000000088100000, 0x0000000088100000| Untracked 
| 130|0x0000000088200000, 0x0000000088200000, 0x0000000088300000|  0%| F|  |TAMS 0x0000000088200000, 0x0000000088200000| Untracked 
| 131|0x0000000088300000, 0x0000000088300000, 0x0000000088400000|  0%| F|  |TAMS 0x0000000088300000, 0x0000000088300000| Untracked 
| 132|0x0000000088400000, 0x0000000088400000, 0x0000000088500000|  0%| F|  |TAMS 0x0000000088400000, 0x0000000088400000| Untracked 
| 133|0x0000000088500000, 0x0000000088500000, 0x0000000088600000|  0%| F|  |TAMS 0x0000000088500000, 0x0000000088500000| Untracked 
| 134|0x0000000088600000, 0x0000000088600000, 0x0000000088700000|  0%| F|  |TAMS 0x0000000088600000, 0x0000000088600000| Untracked 
| 135|0x0000000088700000, 0x0000000088700000, 0x0000000088800000|  0%| F|  |TAMS 0x0000000088700000, 0x0000000088700000| Untracked 
| 136|0x0000000088800000, 0x0000000088800000, 0x0000000088900000|  0%| F|  |TAMS 0x0000000088800000, 0x0000000088800000| Untracked 
| 137|0x0000000088900000, 0x0000000088900000, 0x0000000088a00000|  0%| F|  |TAMS 0x0000000088900000, 0x0000000088900000| Untracked 
| 138|0x0000000088a00000, 0x0000000088a00000, 0x0000000088b00000|  0%| F|  |TAMS 0x0000000088a00000, 0x0000000088a00000| Untracked 
| 139|0x0000000088b00000, 0x0000000088b00000, 0x0000000088c00000|  0%| F|  |TAMS 0x0000000088b00000, 0x0000000088b00000| Untracked 
| 140|0x0000000088c00000, 0x0000000088c00000, 0x0000000088d00000|  0%| F|  |TAMS 0x0000000088c00000, 0x0000000088c00000| Untracked 
| 141|0x0000000088d00000, 0x0000000088d00000, 0x0000000088e00000|  0%| F|  |TAMS 0x0000000088d00000, 0x0000000088d00000| Untracked 
| 142|0x0000000088e00000, 0x0000000088e00000, 0x0000000088f00000|  0%| F|  |TAMS 0x0000000088e00000, 0x0000000088e00000| Untracked 
| 143|0x0000000088f00000, 0x0000000088f00000, 0x0000000089000000|  0%| F|  |TAMS 0x0000000088f00000, 0x0000000088f00000| Untracked 
| 144|0x0000000089000000, 0x0000000089000000, 0x0000000089100000|  0%| F|  |TAMS 0x0000000089000000, 0x0000000089000000| Untracked 
| 145|0x0000000089100000, 0x0000000089100000, 0x0000000089200000|  0%| F|  |TAMS 0x0000000089100000, 0x0000000089100000| Untracked 
| 146|0x0000000089200000, 0x0000000089200000, 0x0000000089300000|  0%| F|  |TAMS 0x0000000089200000, 0x0000000089200000| Untracked 
| 147|0x0000000089300000, 0x0000000089300000, 0x0000000089400000|  0%| F|  |TAMS 0x0000000089300000, 0x0000000089300000| Untracked 
| 148|0x0000000089400000, 0x0000000089400000, 0x0000000089500000|  0%| F|  |TAMS 0x0000000089400000, 0x0000000089400000| Untracked 
| 149|0x0000000089500000, 0x0000000089500000, 0x0000000089600000|  0%| F|  |TAMS 0x0000000089500000, 0x0000000089500000| Untracked 
| 150|0x0000000089600000, 0x0000000089600000, 0x0000000089700000|  0%| F|  |TAMS 0x0000000089600000, 0x0000000089600000| Untracked 
| 151|0x0000000089700000, 0x0000000089700000, 0x0000000089800000|  0%| F|  |TAMS 0x0000000089700000, 0x0000000089700000| Untracked 
| 152|0x0000000089800000, 0x0000000089800000, 0x0000000089900000|  0%| F|  |TAMS 0x0000000089800000, 0x0000000089800000| Untracked 
| 153|0x0000000089900000, 0x0000000089900000, 0x0000000089a00000|  0%| F|  |TAMS 0x0000000089900000, 0x0000000089900000| Untracked 
| 154|0x0000000089a00000, 0x0000000089a00000, 0x0000000089b00000|  0%| F|  |TAMS 0x0000000089a00000, 0x0000000089a00000| Untracked 
| 155|0x0000000089b00000, 0x0000000089b00000, 0x0000000089c00000|  0%| F|  |TAMS 0x0000000089b00000, 0x0000000089b00000| Untracked 
| 156|0x0000000089c00000, 0x0000000089c00000, 0x0000000089d00000|  0%| F|  |TAMS 0x0000000089c00000, 0x0000000089c00000| Untracked 
| 157|0x0000000089d00000, 0x0000000089d240f0, 0x0000000089e00000| 14%| E|  |TAMS 0x0000000089d00000, 0x0000000089d00000| Complete 
| 158|0x0000000089e00000, 0x0000000089f00000, 0x0000000089f00000|100%| E|  |TAMS 0x0000000089e00000, 0x0000000089e00000| Complete 
| 159|0x0000000089f00000, 0x000000008a000000, 0x000000008a000000|100%| E|CS|TAMS 0x0000000089f00000, 0x0000000089f00000| Complete 
| 160|0x000000008a000000, 0x000000008a100000, 0x000000008a100000|100%| E|CS|TAMS 0x000000008a000000, 0x000000008a000000| Complete 
| 161|0x000000008a100000, 0x000000008a200000, 0x000000008a200000|100%| E|CS|TAMS 0x000000008a100000, 0x000000008a100000| Complete 
| 162|0x000000008a200000, 0x000000008a300000, 0x000000008a300000|100%| E|CS|TAMS 0x000000008a200000, 0x000000008a200000| Complete 
| 163|0x000000008a300000, 0x000000008a400000, 0x000000008a400000|100%| E|CS|TAMS 0x000000008a300000, 0x000000008a300000| Complete 
| 164|0x000000008a400000, 0x000000008a500000, 0x000000008a500000|100%| E|CS|TAMS 0x000000008a400000, 0x000000008a400000| Complete 
| 165|0x000000008a500000, 0x000000008a600000, 0x000000008a600000|100%| E|CS|TAMS 0x000000008a500000, 0x000000008a500000| Complete 
| 166|0x000000008a600000, 0x000000008a700000, 0x000000008a700000|100%| E|CS|TAMS 0x000000008a600000, 0x000000008a600000| Complete 
| 167|0x000000008a700000, 0x000000008a800000, 0x000000008a800000|100%| E|CS|TAMS 0x000000008a700000, 0x000000008a700000| Complete 
| 168|0x000000008a800000, 0x000000008a900000, 0x000000008a900000|100%| E|CS|TAMS 0x000000008a800000, 0x000000008a800000| Complete 
| 169|0x000000008a900000, 0x000000008aa00000, 0x000000008aa00000|100%| E|CS|TAMS 0x000000008a900000, 0x000000008a900000| Complete 
| 170|0x000000008aa00000, 0x000000008ab00000, 0x000000008ab00000|100%| E|CS|TAMS 0x000000008aa00000, 0x000000008aa00000| Complete 
| 171|0x000000008ab00000, 0x000000008ac00000, 0x000000008ac00000|100%| E|CS|TAMS 0x000000008ab00000, 0x000000008ab00000| Complete 
| 172|0x000000008ac00000, 0x000000008ad00000, 0x000000008ad00000|100%| E|CS|TAMS 0x000000008ac00000, 0x000000008ac00000| Complete 
| 173|0x000000008ad00000, 0x000000008ae00000, 0x000000008ae00000|100%| E|CS|TAMS 0x000000008ad00000, 0x000000008ad00000| Complete 
| 174|0x000000008ae00000, 0x000000008af00000, 0x000000008af00000|100%| E|CS|TAMS 0x000000008ae00000, 0x000000008ae00000| Complete 
| 175|0x000000008af00000, 0x000000008b000000, 0x000000008b000000|100%| E|CS|TAMS 0x000000008af00000, 0x000000008af00000| Complete 
| 176|0x000000008b000000, 0x000000008b100000, 0x000000008b100000|100%| E|CS|TAMS 0x000000008b000000, 0x000000008b000000| Complete 
| 177|0x000000008b100000, 0x000000008b200000, 0x000000008b200000|100%| E|CS|TAMS 0x000000008b100000, 0x000000008b100000| Complete 
| 178|0x000000008b200000, 0x000000008b300000, 0x000000008b300000|100%| E|CS|TAMS 0x000000008b200000, 0x000000008b200000| Complete 
| 179|0x000000008b300000, 0x000000008b400000, 0x000000008b400000|100%| E|CS|TAMS 0x000000008b300000, 0x000000008b300000| Complete 
| 180|0x000000008b400000, 0x000000008b500000, 0x000000008b500000|100%| E|CS|TAMS 0x000000008b400000, 0x000000008b400000| Complete 
| 181|0x000000008b500000, 0x000000008b600000, 0x000000008b600000|100%| E|CS|TAMS 0x000000008b500000, 0x000000008b500000| Complete 
| 182|0x000000008b600000, 0x000000008b700000, 0x000000008b700000|100%| E|CS|TAMS 0x000000008b600000, 0x000000008b600000| Complete 
| 183|0x000000008b700000, 0x000000008b800000, 0x000000008b800000|100%| E|CS|TAMS 0x000000008b700000, 0x000000008b700000| Complete 
| 184|0x000000008b800000, 0x000000008b900000, 0x000000008b900000|100%| E|CS|TAMS 0x000000008b800000, 0x000000008b800000| Complete 

Card table byte_map: [0x00000283e0a30000,0x00000283e0e30000] _byte_map_base: 0x00000283e0630000

Marking Bits (Prev, Next): (CMBitMap*) 0x00000283cd55cd28, (CMBitMap*) 0x00000283cd55cd60
 Prev Bits: [0x00000283e1230000, 0x00000283e3230000)
 Next Bits: [0x00000283e3230000, 0x00000283e5230000)

Polling page: 0x00000283cbcd0000

Metaspace:

Usage:
  Non-class:     74.74 MB capacity,    73.44 MB ( 98%) used,     1.07 MB (  1%) free+waste,   238.13 KB ( <1%) overhead. 
      Class:     11.37 MB capacity,    10.63 MB ( 93%) used,   651.95 KB (  6%) free+waste,   105.81 KB ( <1%) overhead. 
       Both:     86.11 MB capacity,    84.07 MB ( 98%) used,     1.70 MB (  2%) free+waste,   343.94 KB ( <1%) overhead. 

Virtual space:
  Non-class space:       76.00 MB reserved,      74.95 MB ( 99%) committed 
      Class space:        1.00 GB reserved,      11.38 MB (  1%) committed 
             Both:        1.07 GB reserved,      86.32 MB (  8%) committed 

Chunk freelists:
   Non-Class:  23.00 KB
       Class:  8.00 KB
        Both:  31.00 KB

MaxMetaspaceSize: 17179869184.00 GB
CompressedClassSpaceSize: 1.00 GB

CodeHeap 'non-profiled nmethods': size=120064Kb used=6234Kb max_used=6234Kb free=113829Kb
 bounds [0x00000283d8ad0000, 0x00000283d90f0000, 0x00000283e0010000]
CodeHeap 'profiled nmethods': size=120000Kb used=21538Kb max_used=21538Kb free=98461Kb
 bounds [0x00000283d15a0000, 0x00000283d2ab0000, 0x00000283d8ad0000]
CodeHeap 'non-nmethods': size=5696Kb used=2276Kb max_used=2340Kb free=3419Kb
 bounds [0x00000283d1010000, 0x00000283d1280000, 0x00000283d15a0000]
 total_blobs=10889 nmethods=10014 adapters=786
 compilation: enabled
              stopped_count=0, restarted_count=0
 full_count=0

Compilation events (20 events):
Event: 17.573 Thread 0x00000283e784f000 nmethod 9976 0x00000283d2a8ad90 code [0x00000283d2a8af60, 0x00000283d2a8b358]
Event: 17.573 Thread 0x00000283e784f000 9975       3       com.google.common.collect.EnumMultiset::checkIsE (53 bytes)
Event: 17.574 Thread 0x00000283e784f000 nmethod 9975 0x00000283d2a8b490 code [0x00000283d2a8b7a0, 0x00000283d2a8c638]
Event: 17.574 Thread 0x00000283e784f000 9972       3       org.gradle.internal.watch.vfs.impl.DefaultFileSystemWatchingStatistics::lambda$getStatistics$0 (15 bytes)
Event: 17.574 Thread 0x00000283e784f000 nmethod 9972 0x00000283d2a8cb90 code [0x00000283d2a8cd60, 0x00000283d2a8d018]
Event: 17.574 Thread 0x00000283e784f000 9973       3       com.google.common.collect.EnumMultiset::add (10 bytes)
Event: 17.574 Thread 0x00000283e784f000 nmethod 9973 0x00000283d2a8d190 code [0x00000283d2a8d360, 0x00000283d2a8d588]
Event: 17.574 Thread 0x00000283e784f000 9980       3       org.gradle.internal.watch.vfs.impl.DefaultFileSystemWatchingStatistics$$Lambda$936/0x0000000100b36840::visitSnapshotRoot (9 bytes)
Event: 17.574 Thread 0x00000283e784f000 nmethod 9980 0x00000283d2a8d690 code [0x00000283d2a8d8a0, 0x00000283d2a8dea8]
Event: 17.574 Thread 0x00000283e784f000 9981       3       org.gradle.internal.watch.vfs.impl.DefaultFileSystemWatchingStatistics::lambda$getStatistics$1 (14 bytes)
Event: 17.574 Thread 0x00000283e784f000 nmethod 9981 0x00000283d2a8e110 code [0x00000283d2a8e320, 0x00000283d2a8e8c8]
Event: 17.574 Thread 0x00000283e784f000 9982       3       org.gradle.internal.watch.vfs.impl.DefaultFileSystemWatchingStatistics$$Lambda$937/0x0000000100b36c40::get$Lambda (9 bytes)
Event: 17.575 Thread 0x00000283e784f000 nmethod 9982 0x00000283d2a8eb10 code [0x00000283d2a8ece0, 0x00000283d2a8ef38]
Event: 17.575 Thread 0x00000283e784f000 9983       3       org.gradle.internal.watch.vfs.impl.DefaultFileSystemWatchingStatistics$$Lambda$937/0x0000000100b36c40::<init> (10 bytes)
Event: 17.575 Thread 0x00000283e784f000 nmethod 9983 0x00000283d2a8f010 code [0x00000283d2a8f1c0, 0x00000283d2a8f378]
Event: 17.581 Thread 0x00000283f2635800 nmethod 9984 0x00000283d90e3d90 code [0x00000283d90e3fa0, 0x00000283d90e45b8]
Event: 17.581 Thread 0x00000283f2635800 9978       4       org.gradle.internal.snapshot.FileSystemSnapshotHierarchyVisitor::leaveDirectory (1 bytes)
Event: 17.581 Thread 0x00000283f2635800 nmethod 9978 0x00000283d90e4b10 code [0x00000283d90e4ca0, 0x00000283d90e4cf8]
Event: 17.581 Thread 0x00000283f2635800 9985       4       org.gradle.internal.snapshot.DirectorySnapshot::getType (4 bytes)
Event: 17.581 Thread 0x00000283f2635800 nmethod 9985 0x00000283d90e4d90 code [0x00000283d90e4f20, 0x00000283d90e4f98]

GC Heap History (20 events):
Event: 4.357 GC heap before
{Heap before GC invocations=6 (full 0):
 garbage-first heap   total 131072K, used 60726K [0x0000000080000000, 0x0000000100000000)
  region size 1024K, 46 young (47104K), 3 survivors (3072K)
 Metaspace       used 35063K, capacity 35838K, committed 35840K, reserved 1081344K
  class space    used 4537K, capacity 4864K, committed 4864K, reserved 1048576K
}
Event: 4.365 GC heap after
{Heap after GC invocations=7 (full 0):
 garbage-first heap   total 131072K, used 21608K [0x0000000080000000, 0x0000000100000000)
  region size 1024K, 6 young (6144K), 6 survivors (6144K)
 Metaspace       used 35063K, capacity 35838K, committed 35840K, reserved 1081344K
  class space    used 4537K, capacity 4864K, committed 4864K, reserved 1048576K
}
Event: 5.662 GC heap before
{Heap before GC invocations=8 (full 0):
 garbage-first heap   total 131072K, used 92264K [0x0000000080000000, 0x0000000100000000)
  region size 1024K, 73 young (74752K), 6 survivors (6144K)
 Metaspace       used 40137K, capacity 41076K, committed 41088K, reserved 1085440K
  class space    used 5143K, capacity 5493K, committed 5504K, reserved 1048576K
}
Event: 5.672 GC heap after
{Heap after GC invocations=9 (full 0):
 garbage-first heap   total 157696K, used 27063K [0x0000000080000000, 0x0000000100000000)
  region size 1024K, 9 young (9216K), 9 survivors (9216K)
 Metaspace       used 40137K, capacity 41076K, committed 41088K, reserved 1085440K
  class space    used 5143K, capacity 5493K, committed 5504K, reserved 1048576K
}
Event: 6.873 GC heap before
{Heap before GC invocations=9 (full 0):
 garbage-first heap   total 157696K, used 105911K [0x0000000080000000, 0x0000000100000000)
  region size 1024K, 86 young (88064K), 9 survivors (9216K)
 Metaspace       used 46701K, capacity 47830K, committed 48000K, reserved 1091584K
  class space    used 5977K, capacity 6419K, committed 6528K, reserved 1048576K
}
Event: 6.882 GC heap after
{Heap after GC invocations=10 (full 0):
 garbage-first heap   total 157696K, used 29347K [0x0000000080000000, 0x0000000100000000)
  region size 1024K, 8 young (8192K), 8 survivors (8192K)
 Metaspace       used 46701K, capacity 47830K, committed 48000K, reserved 1091584K
  class space    used 5977K, capacity 6419K, committed 6528K, reserved 1048576K
}
Event: 9.465 GC heap before
{Heap before GC invocations=10 (full 0):
 garbage-first heap   total 157696K, used 118435K [0x0000000080000000, 0x0000000100000000)
  region size 1024K, 92 young (94208K), 8 survivors (8192K)
 Metaspace       used 55882K, capacity 57320K, committed 57472K, reserved 1099776K
  class space    used 7046K, capacity 7540K, committed 7552K, reserved 1048576K
}
Event: 9.477 GC heap after
{Heap after GC invocations=11 (full 0):
 garbage-first heap   total 157696K, used 42661K [0x0000000080000000, 0x0000000100000000)
  region size 1024K, 12 young (12288K), 12 survivors (12288K)
 Metaspace       used 55882K, capacity 57320K, committed 57472K, reserved 1099776K
  class space    used 7046K, capacity 7540K, committed 7552K, reserved 1048576K
}
Event: 9.743 GC heap before
{Heap before GC invocations=11 (full 0):
 garbage-first heap   total 157696K, used 59045K [0x0000000080000000, 0x0000000100000000)
  region size 1024K, 29 young (29696K), 12 survivors (12288K)
 Metaspace       used 58683K, capacity 60142K, committed 60160K, reserved 1101824K
  class space    used 7401K, capacity 7923K, committed 7936K, reserved 1048576K
}
Event: 9.758 GC heap after
{Heap after GC invocations=12 (full 0):
 garbage-first heap   total 157696K, used 44638K [0x0000000080000000, 0x0000000100000000)
  region size 1024K, 2 young (2048K), 2 survivors (2048K)
 Metaspace       used 58683K, capacity 60142K, committed 60160K, reserved 1101824K
  class space    used 7401K, capacity 7923K, committed 7936K, reserved 1048576K
}
Event: 10.428 GC heap before
{Heap before GC invocations=13 (full 0):
 garbage-first heap   total 157696K, used 104030K [0x0000000080000000, 0x0000000100000000)
  region size 1024K, 60 young (61440K), 2 survivors (2048K)
 Metaspace       used 64238K, capacity 65765K, committed 65996K, reserved 1105920K
  class space    used 8107K, capacity 8673K, committed 8704K, reserved 1048576K
}
Event: 10.436 GC heap after
{Heap after GC invocations=14 (full 0):
 garbage-first heap   total 189440K, used 48487K [0x0000000080000000, 0x0000000100000000)
  region size 1024K, 6 young (6144K), 6 survivors (6144K)
 Metaspace       used 64238K, capacity 65765K, committed 65996K, reserved 1105920K
  class space    used 8107K, capacity 8673K, committed 8704K, reserved 1048576K
}
Event: 11.317 GC heap before
{Heap before GC invocations=15 (full 0):
 garbage-first heap   total 189440K, used 124263K [0x0000000080000000, 0x0000000100000000)
  region size 1024K, 80 young (81920K), 6 survivors (6144K)
 Metaspace       used 70809K, capacity 72442K, committed 72652K, reserved 1112064K
  class space    used 9126K, capacity 9715K, committed 9728K, reserved 1048576K
}
Event: 11.327 GC heap after
{Heap after GC invocations=16 (full 0):
 garbage-first heap   total 189440K, used 54026K [0x0000000080000000, 0x0000000100000000)
  region size 1024K, 10 young (10240K), 10 survivors (10240K)
 Metaspace       used 70809K, capacity 72442K, committed 72652K, reserved 1112064K
  class space    used 9126K, capacity 9715K, committed 9728K, reserved 1048576K
}
Event: 12.217 GC heap before
{Heap before GC invocations=16 (full 0):
 garbage-first heap   total 189440K, used 129802K [0x0000000080000000, 0x0000000100000000)
  region size 1024K, 85 young (87040K), 10 survivors (10240K)
 Metaspace       used 78901K, capacity 80701K, committed 80972K, reserved 1120256K
  class space    used 10127K, capacity 10777K, committed 10880K, reserved 1048576K
}
Event: 12.230 GC heap after
{Heap after GC invocations=17 (full 0):
 garbage-first heap   total 189440K, used 60354K [0x0000000080000000, 0x0000000100000000)
  region size 1024K, 11 young (11264K), 11 survivors (11264K)
 Metaspace       used 78901K, capacity 80701K, committed 80972K, reserved 1120256K
  class space    used 10127K, capacity 10777K, committed 10880K, reserved 1048576K
}
Event: 14.372 GC heap before
{Heap before GC invocations=17 (full 0):
 garbage-first heap   total 189440K, used 135106K [0x0000000080000000, 0x0000000100000000)
  region size 1024K, 85 young (87040K), 11 survivors (11264K)
 Metaspace       used 81751K, capacity 83773K, committed 83916K, reserved 1122304K
  class space    used 10524K, capacity 11256K, committed 11264K, reserved 1048576K
}
Event: 14.385 GC heap after
{Heap after GC invocations=18 (full 0):
 garbage-first heap   total 189440K, used 66975K [0x0000000080000000, 0x0000000100000000)
  region size 1024K, 6 young (6144K), 6 survivors (6144K)
 Metaspace       used 81751K, capacity 83773K, committed 83916K, reserved 1122304K
  class space    used 10524K, capacity 11256K, committed 11264K, reserved 1048576K
}
Event: 16.528 GC heap before
{Heap before GC invocations=18 (full 0):
 garbage-first heap   total 189440K, used 139679K [0x0000000080000000, 0x0000000100000000)
  region size 1024K, 78 young (79872K), 6 survivors (6144K)
 Metaspace       used 82503K, capacity 84549K, committed 84812K, reserved 1122304K
  class space    used 10570K, capacity 11310K, committed 11392K, reserved 1048576K
}
Event: 16.546 GC heap after
{Heap after GC invocations=19 (full 0):
 garbage-first heap   total 189440K, used 69953K [0x0000000080000000, 0x0000000100000000)
  region size 1024K, 9 young (9216K), 9 survivors (9216K)
 Metaspace       used 82503K, capacity 84549K, committed 84812K, reserved 1122304K
  class space    used 10570K, capacity 11310K, committed 11392K, reserved 1048576K
}

Deoptimization events (20 events):
Event: 17.435 Thread 0x00000283e9f89000 Uncommon trap: trap_request=0xffffff4d fr.pc=0x00000283d8ffe4b0 relative=0x0000000000000070
Event: 17.435 Thread 0x00000283e9f89000 Uncommon trap: reason=unstable_if action=reinterpret pc=0x00000283d8ffe4b0 method=org.gradle.internal.logging.slf4j.OutputEventListenerBackedLogger.isLevelAtMost(Lorg/gradle/api/logging/LogLevel;)Z @ 11 c2
Event: 17.435 Thread 0x00000283e9f89000 DEOPT PACKING pc=0x00000283d8ffe4b0 sp=0x000000ffb45fcbb0
Event: 17.435 Thread 0x00000283e9f89000 DEOPT UNPACKING pc=0x00000283d10378af sp=0x000000ffb45fcb50 mode 2
Event: 17.449 Thread 0x00000283e9f89000 Uncommon trap: trap_request=0xffffff4d fr.pc=0x00000283d8ff7b60 relative=0x0000000000000940
Event: 17.449 Thread 0x00000283e9f89000 Uncommon trap: reason=unstable_if action=reinterpret pc=0x00000283d8ff7b60 method=org.gradle.internal.file.DefaultFileHierarchySet$Node.isChildOfOrThis(Ljava/lang/String;I)Z @ 35 c2
Event: 17.449 Thread 0x00000283e9f89000 DEOPT PACKING pc=0x00000283d8ff7b60 sp=0x000000ffb45fbdf0
Event: 17.449 Thread 0x00000283e9f89000 DEOPT UNPACKING pc=0x00000283d10378af sp=0x000000ffb45fbd00 mode 2
Event: 17.564 Thread 0x00000283e9f89000 Uncommon trap: trap_request=0xffffff4d fr.pc=0x00000283d90d1124 relative=0x00000000000002e4
Event: 17.564 Thread 0x00000283e9f89000 Uncommon trap: reason=unstable_if action=reinterpret pc=0x00000283d90d1124 method=org.gradle.internal.snapshot.VfsRelativePath.normalizeRoot(Ljava/lang/String;)Ljava/lang/String; @ 24 c2
Event: 17.564 Thread 0x00000283e9f89000 DEOPT PACKING pc=0x00000283d90d1124 sp=0x000000ffb45fbfe0
Event: 17.564 Thread 0x00000283e9f89000 DEOPT UNPACKING pc=0x00000283d10378af sp=0x000000ffb45fbf38 mode 2
Event: 17.564 Thread 0x00000283e9f89000 Uncommon trap: trap_request=0xffffff4d fr.pc=0x00000283d9031160 relative=0x00000000000001a0
Event: 17.564 Thread 0x00000283e9f89000 Uncommon trap: reason=unstable_if action=reinterpret pc=0x00000283d9031160 method=org.gradle.internal.snapshot.VfsRelativePath.normalizeRoot(Ljava/lang/String;)Ljava/lang/String; @ 24 c2
Event: 17.564 Thread 0x00000283e9f89000 DEOPT PACKING pc=0x00000283d9031160 sp=0x000000ffb45fbf90
Event: 17.564 Thread 0x00000283e9f89000 DEOPT UNPACKING pc=0x00000283d10378af sp=0x000000ffb45fbf40 mode 2
Event: 17.565 Thread 0x00000283e9f89000 Uncommon trap: trap_request=0xffffff4d fr.pc=0x00000283d8f8e58c relative=0x0000000000000cac
Event: 17.565 Thread 0x00000283e9f89000 Uncommon trap: reason=unstable_if action=reinterpret pc=0x00000283d8f8e58c method=org.gradle.internal.snapshot.VfsRelativePath.compareToFirstSegment(Ljava/lang/String;Lorg/gradle/internal/snapshot/CaseSensitivity;)I @ 156 c2
Event: 17.565 Thread 0x00000283e9f89000 DEOPT PACKING pc=0x00000283d8f8e58c sp=0x000000ffb45fbd90
Event: 17.565 Thread 0x00000283e9f89000 DEOPT UNPACKING pc=0x00000283d10378af sp=0x000000ffb45fbd10 mode 2

Classes redefined (0 events):
No events

Internal exceptions (20 events):
Event: 12.342 Thread 0x00000283ebeeb800 Exception <a 'java/lang/NoSuchMethodError'{0x000000008b3ab4f0}: <clinit>> (0x000000008b3ab4f0) thrown at [./src/hotspot/share/prims/jni.cpp, line 1362]
Event: 12.345 Thread 0x00000283ebeeb800 Exception <a 'java/lang/NoSuchMethodError'{0x000000008b3cec58}: <clinit>> (0x000000008b3cec58) thrown at [./src/hotspot/share/prims/jni.cpp, line 1362]
Event: 12.461 Thread 0x00000283ea10a800 Exception <a 'java/lang/NoSuchMethodError'{0x000000008b0de8d8}: <clinit>> (0x000000008b0de8d8) thrown at [./src/hotspot/share/prims/jni.cpp, line 1362]
Event: 12.510 Thread 0x00000283eab02800 Exception <a 'java/lang/NoSuchMethodError'{0x000000008afd71a8}: 'java.lang.Object java.lang.invoke.Invokers$Holder.linkToTargetMethod(java.lang.Object, java.lang.Object, java.lang.Object, int, java.lang.Object, java.lang.Object)'> (0x000000008afd71a8) thrown at [./src/hotspot/share/interpreter/linkResolver.cpp, line 773]
Event: 12.526 Thread 0x00000283eab02800 Exception <a 'java/lang/IncompatibleClassChangeError'{0x000000008ae37948}: Found class java.lang.Object, but interface was expected> (0x000000008ae37948) thrown at [./src/hotspot/share/interpreter/linkResolver.cpp, line 839]
Event: 12.540 Thread 0x00000283eab02800 Exception <a 'java/lang/NoSuchMethodError'{0x000000008adff478}: 'int java.lang.invoke.DirectMethodHandle$Holder.invokeStaticInit(java.lang.Object, java.lang.Object, java.lang.Object, java.lang.Object, java.lang.Object)'> (0x000000008adff478) thrown at [./src/hotspot/share/interpreter/linkResolver.cpp, line 773]
Event: 12.799 Thread 0x00000283ebee5000 Exception <a 'java/lang/NoSuchMethodError'{0x000000008a2e2150}: 'java.lang.Object java.lang.invoke.DirectMethodHandle$Holder.invokeSpecialIFC(java.lang.Object, java.lang.Object, java.lang.Object)'> (0x000000008a2e2150) thrown at [./src/hotspot/share/interpreter/linkResolver.cpp, line 773]
Event: 12.799 Thread 0x00000283e9f89000 Exception <a 'java/lang/NoSuchMethodError'{0x000000008a2412e0}: 'java.lang.Object java.lang.invoke.DirectMethodHandle$Holder.invokeSpecialIFC(java.lang.Object, java.lang.Object, java.lang.Object)'> (0x000000008a2412e0) thrown at [./src/hotspot/share/interpreter/linkResolver.cpp, line 773]
Event: 12.799 Thread 0x00000283ebeef800 Exception <a 'java/lang/NoSuchMethodError'{0x000000008a18fd20}: 'java.lang.Object java.lang.invoke.DirectMethodHandle$Holder.invokeSpecialIFC(java.lang.Object, java.lang.Object, java.lang.Object)'> (0x000000008a18fd20) thrown at [./src/hotspot/share/interpreter/linkResolver.cpp, line 773]
Event: 13.102 Thread 0x00000283ebeea800 Exception <a 'java/lang/NoSuchMethodError'{0x0000000088df8f90}: 'void java.lang.invoke.DirectMethodHandle$Holder.invokeVirtual(java.lang.Object, java.lang.Object)'> (0x0000000088df8f90) thrown at [./src/hotspot/share/interpreter/linkResolver.cpp, line 773]
Event: 14.815 Thread 0x00000283eab02800 Exception <a 'java/lang/NoSuchMethodError'{0x0000000089f4de40}: <clinit>> (0x0000000089f4de40) thrown at [./src/hotspot/share/prims/jni.cpp, line 1362]
Event: 14.815 Thread 0x00000283eab02800 Exception <a 'java/lang/NoSuchMethodError'{0x0000000089f4f178}: <clinit>> (0x0000000089f4f178) thrown at [./src/hotspot/share/prims/jni.cpp, line 1362]
Event: 14.816 Thread 0x00000283eab02800 Exception <a 'java/lang/NoSuchMethodError'{0x0000000089f518d8}: <clinit>> (0x0000000089f518d8) thrown at [./src/hotspot/share/prims/jni.cpp, line 1362]
Event: 14.816 Thread 0x00000283eab02800 Exception <a 'java/lang/NoSuchMethodError'{0x0000000089f6b070}: <clinit>> (0x0000000089f6b070) thrown at [./src/hotspot/share/prims/jni.cpp, line 1362]
Event: 14.816 Thread 0x00000283eab02800 Exception <a 'java/lang/NoSuchMethodError'{0x0000000089f6c550}: <clinit>> (0x0000000089f6c550) thrown at [./src/hotspot/share/prims/jni.cpp, line 1362]
Event: 15.006 Thread 0x00000283eab02800 Exception <a 'java/lang/NoSuchMethodError'{0x00000000897850e8}: 'int java.lang.invoke.DirectMethodHandle$Holder.invokeSpecial(java.lang.Object, java.lang.Object, java.lang.Object, java.lang.Object, java.lang.Object)'> (0x00000000897850e8) thrown at [./src/hotspot/share/interpreter/linkResolver.cpp, line 773]
Event: 15.074 Thread 0x00000283ebeef800 Implicit null exception at 0x00000283d902ef3b to 0x00000283d902f814
Event: 15.122 Thread 0x00000283ebeec000 Implicit null exception at 0x00000283d903c0d2 to 0x00000283d903c4d8
Event: 17.390 Thread 0x00000283eab01000 Exception <a 'sun/nio/fs/WindowsException'{0x000000008aa01060}> (0x000000008aa01060) thrown at [./src/hotspot/share/prims/jni.cpp, line 615]
Event: 17.445 Thread 0x00000283e9f89000 Exception <a 'java/lang/NoSuchMethodError'{0x000000008a868058}: 'int java.lang.invoke.DirectMethodHandle$Holder.invokeVirtual(java.lang.Object, java.lang.Object, java.lang.Object)'> (0x000000008a868058) thrown at [./src/hotspot/share/interpreter/linkResolver.cpp, line 773]

Events (20 events):
Event: 17.574 loading class org/gradle/internal/watch/vfs/BuildFinishedFileSystemWatchingBuildOperationType$Result
Event: 17.574 loading class org/gradle/internal/watch/vfs/BuildFinishedFileSystemWatchingBuildOperationType$Result done
Event: 17.575 loading class org/gradle/tooling/internal/provider/serialization/SerializedPayload
Event: 17.575 loading class org/gradle/tooling/internal/provider/serialization/SerializedPayload done
Event: 17.577 loading class com/google/wireless/android/sdk/stats/VfsRefresh
Event: 17.577 loading class com/google/wireless/android/sdk/stats/VfsRefresh done
Event: 17.578 loading class com/google/wireless/android/sdk/stats/AndroidStudioEvent$TemplatesUsage
Event: 17.578 loading class com/google/wireless/android/sdk/stats/AndroidStudioEvent$TemplatesUsage done
Event: 17.579 loading class com/google/wireless/android/sdk/stats/EmulatorDetails
Event: 17.579 loading class com/google/wireless/android/sdk/stats/EmulatorDetails done
Event: 17.583 loading class com/google/wireless/android/sdk/stats/IdePluginInfo
Event: 17.583 loading class com/google/wireless/android/sdk/stats/IdePluginInfo done
Event: 17.584 loading class com/google/wireless/android/sdk/stats/DialogStats
Event: 17.584 loading class com/google/wireless/android/sdk/stats/DialogStats done
Event: 17.584 loading class com/google/wireless/android/sdk/stats/EmulatorUiEvent
Event: 17.584 loading class com/google/wireless/android/sdk/stats/EmulatorUiEvent done
Event: 17.585 loading class com/google/wireless/android/sdk/stats/UserSentiment
Event: 17.585 loading class com/google/wireless/android/sdk/stats/UserSentiment done
Event: 17.587 loading class com/google/wireless/android/sdk/stats/FileUsage
Event: 17.587 loading class com/google/wireless/android/sdk/stats/FileUsage done


Dynamic libraries:
0x00007ff70a2a0000 - 0x00007ff70a2aa000 	C:\Program Files\Android\Android Studio\jre\bin\java.exe
0x00007ff9f64d0000 - 0x00007ff9f66c5000 	C:\WINDOWS\SYSTEM32\ntdll.dll
0x00007ff9f46b0000 - 0x00007ff9f476e000 	C:\WINDOWS\System32\KERNEL32.DLL
0x00007ff9f3ef0000 - 0x00007ff9f41b9000 	C:\WINDOWS\System32\KERNELBASE.dll
0x00007ff9f3c40000 - 0x00007ff9f3d40000 	C:\WINDOWS\System32\ucrtbase.dll
0x00007ff9d1a30000 - 0x00007ff9d1a47000 	C:\Program Files\Android\Android Studio\jre\bin\VCRUNTIME140.dll
0x00007ff9d18e0000 - 0x00007ff9d18f9000 	C:\Program Files\Android\Android Studio\jre\bin\jli.dll
0x00007ff9f5050000 - 0x00007ff9f51f1000 	C:\WINDOWS\System32\USER32.dll
0x00007ff9f44f0000 - 0x00007ff9f4512000 	C:\WINDOWS\System32\win32u.dll
0x00007ff9f60f0000 - 0x00007ff9f611b000 	C:\WINDOWS\System32\GDI32.dll
0x00007ff9f3de0000 - 0x00007ff9f3eeb000 	C:\WINDOWS\System32\gdi32full.dll
0x00007ff9f3d40000 - 0x00007ff9f3ddd000 	C:\WINDOWS\System32\msvcp_win.dll
0x00007ff9f2f60000 - 0x00007ff9f31fa000 	C:\WINDOWS\WinSxS\amd64_microsoft.windows.common-controls_6595b64144ccf1df_6.0.19041.1110_none_60b5254171f9507e\COMCTL32.dll
0x00007ff9f6050000 - 0x00007ff9f60ee000 	C:\WINDOWS\System32\msvcrt.dll
0x00007ff9f4fc0000 - 0x00007ff9f4ff0000 	C:\WINDOWS\System32\IMM32.DLL
0x00007ff9a0380000 - 0x00007ff9a041d000 	C:\Program Files\Android\Android Studio\jre\bin\msvcp140.dll
0x00007ff99d050000 - 0x00007ff99db1f000 	C:\Program Files\Android\Android Studio\jre\bin\server\jvm.dll
0x00007ff9f6380000 - 0x00007ff9f642c000 	C:\WINDOWS\System32\ADVAPI32.dll
0x00007ff9f4aa0000 - 0x00007ff9f4b3b000 	C:\WINDOWS\System32\sechost.dll
0x00007ff9f4970000 - 0x00007ff9f4a9a000 	C:\WINDOWS\System32\RPCRT4.dll
0x00007ff9f45f0000 - 0x00007ff9f45f8000 	C:\WINDOWS\System32\PSAPI.DLL
0x00007ff9d1c10000 - 0x00007ff9d1c19000 	C:\WINDOWS\SYSTEM32\WSOCK32.dll
0x00007ff9d4020000 - 0x00007ff9d4047000 	C:\WINDOWS\SYSTEM32\WINMM.dll
0x00007ff9f5710000 - 0x00007ff9f577b000 	C:\WINDOWS\System32\WS2_32.dll
0x00007ff9f16b0000 - 0x00007ff9f16ba000 	C:\WINDOWS\SYSTEM32\VERSION.dll
0x00007ff9f0d10000 - 0x00007ff9f0d22000 	C:\WINDOWS\SYSTEM32\kernel.appcore.dll
0x00007ff9f2080000 - 0x00007ff9f2091000 	C:\Program Files\Android\Android Studio\jre\bin\verify.dll
0x00007ff9f33d0000 - 0x00007ff9f35b4000 	C:\WINDOWS\SYSTEM32\DBGHELP.DLL
0x00007ff9f33a0000 - 0x00007ff9f33cc000 	C:\WINDOWS\SYSTEM32\dbgcore.DLL
0x00007ff9f41c0000 - 0x00007ff9f4243000 	C:\WINDOWS\System32\bcryptPrimitives.dll
0x00007ff9ec280000 - 0x00007ff9ec2a9000 	C:\Program Files\Android\Android Studio\jre\bin\java.dll
0x00007ff9f1c90000 - 0x00007ff9f1c9b000 	C:\Program Files\Android\Android Studio\jre\bin\jimage.dll
0x00007ff9eeaa0000 - 0x00007ff9eeab8000 	C:\Program Files\Android\Android Studio\jre\bin\zip.dll
0x00007ff9f5910000 - 0x00007ff9f604f000 	C:\WINDOWS\System32\SHELL32.dll
0x00007ff9f0f10000 - 0x00007ff9f16a0000 	C:\WINDOWS\SYSTEM32\windows.storage.dll
0x00007ff9f53b0000 - 0x00007ff9f5705000 	C:\WINDOWS\System32\combase.dll
0x00007ff9f2ef0000 - 0x00007ff9f2f1c000 	C:\WINDOWS\SYSTEM32\Wldp.dll
0x00007ff9f4600000 - 0x00007ff9f46ad000 	C:\WINDOWS\System32\SHCORE.dll
0x00007ff9f58b0000 - 0x00007ff9f5905000 	C:\WINDOWS\System32\shlwapi.dll
0x00007ff9f3b30000 - 0x00007ff9f3b4f000 	C:\WINDOWS\SYSTEM32\profapi.dll
0x00007ff9eca50000 - 0x00007ff9eca6a000 	C:\Program Files\Android\Android Studio\jre\bin\net.dll
0x00007ff9ec120000 - 0x00007ff9ec228000 	C:\WINDOWS\SYSTEM32\WINHTTP.dll
0x00007ff9f2dc0000 - 0x00007ff9f2e2a000 	C:\WINDOWS\system32\mswsock.dll
0x00007ff9d3140000 - 0x00007ff9d3154000 	C:\Program Files\Android\Android Studio\jre\bin\nio.dll
0x00007ff9d1610000 - 0x00007ff9d1637000 	C:\Users\lab\.gradle\native\8bec1ad78214c89d9ad589b4d07fe93259594b29d510b10fafb7a158f7737e5d\windows-amd64\native-platform.dll
0x00007ff97c460000 - 0x00007ff97c59d000 	C:\Users\lab\.gradle\native\53dbd7edfb1c66fb8903c78663c9afc45aea4f116125fa6feffd364cf09443e8\windows-amd64\native-platform-file-events.dll
0x00007ff9d3170000 - 0x00007ff9d317a000 	C:\Program Files\Android\Android Studio\jre\bin\management.dll
0x00007ff9d2710000 - 0x00007ff9d271c000 	C:\Program Files\Android\Android Studio\jre\bin\management_ext.dll
0x00007ff9f3900000 - 0x00007ff9f3918000 	C:\WINDOWS\SYSTEM32\CRYPTSP.dll
0x00007ff9f25f0000 - 0x00007ff9f2624000 	C:\WINDOWS\system32\rsaenh.dll
0x00007ff9f4460000 - 0x00007ff9f4487000 	C:\WINDOWS\System32\bcrypt.dll
0x00007ff9f3af0000 - 0x00007ff9f3b1e000 	C:\WINDOWS\SYSTEM32\USERENV.dll
0x00007ff9f2d30000 - 0x00007ff9f2d3c000 	C:\WINDOWS\SYSTEM32\CRYPTBASE.dll
0x00007ff9f2940000 - 0x00007ff9f297b000 	C:\WINDOWS\SYSTEM32\IPHLPAPI.DLL
0x00007ff9f62e0000 - 0x00007ff9f62e8000 	C:\WINDOWS\System32\NSI.dll
0x00007ff9ee210000 - 0x00007ff9ee227000 	C:\WINDOWS\SYSTEM32\dhcpcsvc6.DLL
0x00007ff9ee1f0000 - 0x00007ff9ee20d000 	C:\WINDOWS\SYSTEM32\dhcpcsvc.DLL
0x00007ff9f2980000 - 0x00007ff9f2a4c000 	C:\WINDOWS\SYSTEM32\DNSAPI.dll

dbghelp: loaded successfully - version: 4.0.5 - missing functions: none
symbol engine: initialized successfully - sym options: 0x614 - pdb path: .;C:\Program Files\Android\Android Studio\jre\bin;C:\WINDOWS\SYSTEM32;C:\WINDOWS\WinSxS\amd64_microsoft.windows.common-controls_6595b64144ccf1df_6.0.19041.1110_none_60b5254171f9507e;C:\Program Files\Android\Android Studio\jre\bin\server;C:\Users\lab\.gradle\native\8bec1ad78214c89d9ad589b4d07fe93259594b29d510b10fafb7a158f7737e5d\windows-amd64;C:\Users\lab\.gradle\native\53dbd7edfb1c66fb8903c78663c9afc45aea4f116125fa6feffd364cf09443e8\windows-amd64

VM Arguments:
jvm_args: --add-opens=java.base/java.util=ALL-UNNAMED --add-opens=java.base/java.lang=ALL-UNNAMED --add-opens=java.base/java.lang.invoke=ALL-UNNAMED --add-opens=java.base/java.util=ALL-UNNAMED --add-opens=java.prefs/java.util.prefs=ALL-UNNAMED --add-opens=java.prefs/java.util.prefs=ALL-UNNAMED --add-opens=java.base/java.nio.charset=ALL-UNNAMED --add-opens=java.base/java.net=ALL-UNNAMED --add-opens=java.base/java.util.concurrent.atomic=ALL-UNNAMED -Xmx2048m -Dfile.encoding=UTF-8 -Duser.country=IL -Duser.language=iw -Duser.variant 
java_command: org.gradle.launcher.daemon.bootstrap.GradleDaemon 7.0.2
java_class_path (initial): C:\Users\lab\.gradle\wrapper\dists\gradle-7.0.2-bin\857tjihv64xamwrf0h14cai3r\gradle-7.0.2\lib\gradle-launcher-7.0.2.jar
Launcher Type: SUN_STANDARD

[Global flags]
     intx CICompilerCount                          = 3                                         {product} {ergonomic}
     uint ConcGCThreads                            = 1                                         {product} {ergonomic}
     uint G1ConcRefinementThreads                  = 4                                         {product} {ergonomic}
   size_t G1HeapRegionSize                         = 1048576                                   {product} {ergonomic}
    uintx GCDrainStackTargetSize                   = 64                                        {product} {ergonomic}
   size_t InitialHeapSize                          = 134217728                                 {product} {ergonomic}
   size_t MarkStackSize                            = 4194304                                   {product} {ergonomic}
   size_t MaxHeapSize                              = 2147483648                                {product} {command line}
   size_t MaxNewSize                               = 1287651328                                {product} {ergonomic}
   size_t MinHeapDeltaBytes                        = 1048576                                   {product} {ergonomic}
    uintx NonNMethodCodeHeapSize                   = 5830732                                {pd product} {ergonomic}
    uintx NonProfiledCodeHeapSize                  = 122913754                              {pd product} {ergonomic}
    uintx ProfiledCodeHeapSize                     = 122913754                              {pd product} {ergonomic}
    uintx ReservedCodeCacheSize                    = 251658240                              {pd product} {ergonomic}
     bool SegmentedCodeCache                       = true                                      {product} {ergonomic}
     bool UseCompressedClassPointers               = true                                 {lp64_product} {ergonomic}
     bool UseCompressedOops                        = true                                 {lp64_product} {ergonomic}
     bool UseG1GC                                  = true                                      {product} {ergonomic}
     bool UseLargePagesIndividualAllocation        = false                                  {pd product} {ergonomic}

Logging:
Log output configuration:
 #0: stdout all=warning uptime,level,tags
 #1: stderr all=off uptime,level,tags

Environment Variables:
PATH=C:\WINDOWS\system32;C:\WINDOWS;C:\WINDOWS\System32\Wbem;C:\WINDOWS\System32\WindowsPowerShell\v1.0\;C:\WINDOWS\System32\OpenSSH\;C:\Program Files (x86)\Windows Kits\10\Windows Performance Toolkit\;C:\Program Files\Microsoft SQL Server\130\Tools\Binn\;C:\Program Files\dotnet\;C:\Program Files (x86)\GtkSharp\2.12\bin;C:\Program Files\Git\cmd;C:\Users\itestadmin\AppData\Local\Android\Sdk\platform-tools;C:\Users\lab\AppData\Local\Microsoft\WindowsApps;
USERNAME=Lab
OS=Windows_NT
PROCESSOR_IDENTIFIER=Intel64 Family 6 Model 94 Stepping 3, GenuineIntel



---------------  S Y S T E M  ---------------

OS: Windows 10 , 64 bit Build 19041 (10.0.19041.1202)
OS uptime: 0 days 1:17 hours

CPU:total 4 (initial active 4) (4 cores per cpu, 1 threads per core) family 6 model 94 stepping 3 microcode 0xd6, cmov, cx8, fxsr, mmx, sse, sse2, sse3, ssse3, sse4.1, sse4.2, popcnt, avx, avx2, aes, clmul, erms, rtm, 3dnowpref, lzcnt, tsc, tscinvbit, bmi1, bmi2, adx, fma

Memory: 4k page, system-wide physical 8072M (941M free)
TotalPageFile size 12023M (AvailPageFile size 1572M)
current process WorkingSet (physical memory assigned to process): 438M, peak: 438M
current process commit charge ("private bytes"): 467M, peak: 467M

vm_info: OpenJDK 64-Bit Server VM (11.0.10+0-b96-7249189) for windows-amd64 JRE (11.0.10+0-b96-7249189), built on Mar 31 2021 21:44:00 by "builder" with MS VC++ 14.0 (VS2015)

END.
